{
  "RSpec": {
    "coverage": {
      "/home/codio/workspace/project/app.rb": {
        "lines": [
          1,
          1,
          null,
          1,
          null,
          null,
          1,
          null,
          null,
          1,
          1,
          null,
          null,
          1,
          null,
          null,
          1,
          1,
          1
        ]
      },
      "/home/codio/workspace/project/db/db.rb": {
        "lines": [
          1,
          1,
          null,
          null,
          1,
          null,
          null,
          1,
          1,
          null,
          null,
          null,
          1,
          1,
          null,
          null,
          1,
          null,
          null,
          1,
          null,
          null
        ]
      },
      "/home/codio/workspace/project/models/admin.rb": {
        "lines": [
          1,
          1,
          6,
          6,
          6,
          6,
          6,
          6,
          null,
          null,
          null,
          1,
          0,
          0,
          0,
          0,
          null,
          null,
          1,
          10,
          10,
          10,
          8,
          8,
          8,
          8,
          8,
          8,
          8,
          8,
          null,
          null,
          1,
          3,
          3,
          null,
          null,
          null,
          1,
          0,
          0,
          0,
          0,
          0,
          0,
          0,
          0,
          0,
          0,
          null,
          null,
          0,
          null,
          null,
          null,
          null,
          1,
          3,
          3,
          null,
          3,
          null,
          null,
          null
        ]
      },
      "/home/codio/workspace/project/models/code.rb": {
        "lines": [
          1,
          null
        ]
      },
      "/home/codio/workspace/project/models/faq.rb": {
        "lines": [
          1,
          1,
          0,
          0,
          0,
          null,
          null
        ]
      },
      "/home/codio/workspace/project/models/mentee.rb": {
        "lines": [
          1,
          1,
          10,
          10,
          10,
          10,
          10,
          10,
          10,
          10,
          10,
          null,
          null,
          null,
          1,
          2,
          2,
          2,
          2,
          2,
          2,
          2,
          null,
          null,
          1,
          16,
          16,
          16,
          14,
          14,
          14,
          14,
          14,
          14,
          14,
          14,
          14,
          null,
          null,
          1,
          26,
          26,
          null,
          26,
          null,
          null,
          null,
          1,
          11,
          11,
          null,
          null
        ]
      },
      "/home/codio/workspace/project/models/mentor.rb": {
        "lines": [
          1,
          1,
          4,
          4,
          4,
          4,
          4,
          4,
          4,
          4,
          4,
          4,
          null,
          null,
          null,
          1,
          1,
          1,
          1,
          1,
          1,
          1,
          1,
          null,
          null,
          1,
          9,
          9,
          9,
          7,
          7,
          7,
          7,
          7,
          7,
          7,
          7,
          7,
          null,
          null,
          null,
          1,
          4,
          4,
          null,
          4,
          null,
          null,
          1,
          2,
          2,
          null,
          null
        ]
      },
      "/home/codio/workspace/project/models/request.rb": {
        "lines": [
          1,
          null
        ]
      },
      "/home/codio/workspace/project/models/user.rb": {
        "lines": [
          1,
          1,
          61,
          61,
          61,
          61,
          61,
          61,
          null,
          null,
          null,
          1,
          3,
          3,
          3,
          3,
          null,
          null,
          null,
          1,
          42,
          42,
          null,
          null,
          1,
          46,
          46,
          null,
          null
        ]
      },
      "/home/codio/workspace/project/controllers/admin_form.rb": {
        "lines": [
          1,
          9,
          9,
          9,
          9,
          null,
          null,
          1,
          null,
          6,
          6,
          null,
          6,
          6,
          6,
          null,
          null,
          6,
          null,
          6,
          6,
          null,
          6,
          6,
          null,
          6,
          6,
          6,
          null,
          null,
          null,
          null,
          0,
          null
        ]
      },
      "/home/codio/workspace/project/controllers/all-mentees.rb": {
        "lines": [
          1,
          2,
          2,
          2,
          2,
          null
        ]
      },
      "/home/codio/workspace/project/controllers/all-mentors.rb": {
        "lines": [
          1,
          0,
          0,
          0,
          0,
          null
        ]
      },
      "/home/codio/workspace/project/controllers/find_mentor.rb": {
        "lines": [
          1,
          11,
          9,
          9,
          9,
          null,
          null,
          9,
          9,
          9,
          9,
          9,
          null,
          9,
          9,
          36,
          null,
          null,
          9,
          null,
          null,
          1,
          0,
          0,
          null,
          0,
          0,
          0,
          null,
          null,
          0,
          0,
          0,
          0,
          0,
          null,
          null,
          0,
          null
        ]
      },
      "/home/codio/workspace/project/controllers/get_help_mentee.rb": {
        "lines": [
          1,
          4,
          2,
          2,
          2,
          2,
          null
        ]
      },
      "/home/codio/workspace/project/controllers/get_help_mentor.rb": {
        "lines": [
          1,
          2,
          0,
          0,
          0,
          0,
          null
        ]
      },
      "/home/codio/workspace/project/controllers/help_users.rb": {
        "lines": [
          1,
          0,
          0,
          0,
          0,
          0,
          null,
          null,
          1,
          0,
          0,
          null,
          null,
          0,
          0,
          0,
          null
        ]
      },
      "/home/codio/workspace/project/controllers/index.rb": {
        "lines": [
          1,
          46,
          46,
          46,
          null,
          null,
          1,
          41,
          41,
          41,
          null,
          null,
          41,
          16,
          16,
          16,
          3,
          3,
          3,
          3,
          13,
          2,
          2,
          2,
          2,
          null,
          11,
          11,
          11,
          11,
          null,
          null,
          25,
          null,
          null,
          25,
          null,
          null
        ]
      },
      "/home/codio/workspace/project/controllers/mentee_form.rb": {
        "lines": [
          1,
          13,
          13,
          13,
          null,
          null,
          1,
          null,
          10,
          10,
          null,
          10,
          10,
          null,
          10,
          7,
          7,
          7,
          null,
          7,
          7,
          null,
          7,
          7,
          7,
          null,
          3,
          null
        ]
      },
      "/home/codio/workspace/project/controllers/mentor_form.rb": {
        "lines": [
          1,
          7,
          7,
          7,
          null,
          null,
          1,
          null,
          4,
          4,
          null,
          4,
          4,
          4,
          null,
          4,
          4,
          4,
          null,
          4,
          4,
          null,
          4,
          4,
          4,
          null,
          0,
          null
        ]
      },
      "/home/codio/workspace/project/controllers/my_account_admin.rb": {
        "lines": [
          1,
          5,
          3,
          3,
          3,
          3,
          null,
          null,
          1,
          0,
          0,
          0,
          null,
          null,
          0,
          0,
          null,
          0,
          0,
          0,
          0,
          null,
          null
        ]
      },
      "/home/codio/workspace/project/controllers/my_account_mentee.rb": {
        "lines": [
          1,
          15,
          13,
          13,
          13,
          13,
          null,
          null,
          1,
          2,
          2,
          2,
          null,
          null,
          2,
          2,
          null,
          2,
          2,
          2,
          0,
          null,
          null
        ]
      },
      "/home/codio/workspace/project/controllers/my_account_mentor.rb": {
        "lines": [
          1,
          5,
          3,
          3,
          3,
          3,
          null,
          null,
          1,
          1,
          1,
          1,
          null,
          null,
          1,
          1,
          null,
          1,
          1,
          1,
          0,
          null
        ]
      },
      "/home/codio/workspace/project/controllers/requests_mentee.rb": {
        "lines": [
          1,
          2,
          0,
          0,
          0,
          null,
          0,
          0,
          null,
          0,
          0,
          0,
          0,
          0,
          0,
          0,
          null,
          null,
          null,
          0,
          null
        ]
      },
      "/home/codio/workspace/project/controllers/requests_mentor.rb": {
        "lines": [
          1,
          2,
          0,
          0,
          0,
          null,
          0,
          0,
          null,
          0,
          0,
          0,
          0,
          0,
          0,
          0,
          null,
          null,
          null,
          null,
          null,
          0,
          null,
          null,
          1,
          0,
          0,
          0,
          0,
          null,
          0,
          0,
          null,
          0,
          0,
          0,
          0,
          null,
          null,
          null,
          0,
          null
        ]
      },
      "/home/codio/workspace/project/helpers/validation.rb": {
        "lines": [
          1,
          1,
          1,
          29,
          36,
          3,
          null,
          null,
          26,
          null,
          null,
          1,
          29,
          36,
          3,
          null,
          null,
          26,
          null,
          null,
          1,
          64,
          null,
          null,
          null,
          null
        ]
      }
    },
    "timestamp": 1620131725
  }
}
