{
  "RSpec": {
    "coverage": {
      "/home/codio/workspace/project/app.rb": {
        "lines": [
          1,
          1,
          null,
          1,
          null,
          null,
          1,
          null,
          null,
          1,
          1,
          null,
          null,
          1,
          null,
          null,
          1,
          1,
          1
        ]
      },
      "/home/codio/workspace/project/db/db.rb": {
        "lines": [
          1,
          1,
          null,
          null,
          1,
          null,
          null,
          1,
          1,
          null,
          null,
          null,
          1,
          1,
          null,
          null,
          1,
          null,
          null,
          1,
          null,
          null
        ]
      },
      "/home/codio/workspace/project/models/admin.rb": {
        "lines": [
          1,
          1,
          7,
          7,
          7,
          7,
          7,
          7,
          null,
          null,
          null,
          1,
          2,
          2,
          2,
          2,
          null,
          null,
          1,
          10,
          10,
          10,
          10,
          10,
          10,
          10,
          10,
          10,
          10,
          10,
          null,
          null,
          1,
          0,
          null,
          null,
          1,
          8,
          8,
          null,
          null,
          null,
          1,
          0,
          0,
          0,
          0,
          0,
          0,
          0,
          0,
          0,
          0,
          null,
          null,
          0,
          null,
          null,
          null,
          null,
          1,
          13,
          13,
          null,
          11,
          null,
          null,
          null
        ]
      },
      "/home/codio/workspace/project/models/code.rb": {
        "lines": [
          1,
          null
        ]
      },
      "/home/codio/workspace/project/models/faq.rb": {
        "lines": [
          1,
          1,
          1,
          1,
          1,
          null,
          null
        ]
      },
      "/home/codio/workspace/project/models/mentee.rb": {
        "lines": [
          1,
          1,
          19,
          19,
          19,
          19,
          19,
          19,
          19,
          19,
          19,
          null,
          null,
          null,
          1,
          4,
          4,
          4,
          4,
          4,
          4,
          4,
          null,
          null,
          1,
          1,
          null,
          null,
          1,
          22,
          22,
          22,
          22,
          22,
          22,
          22,
          22,
          22,
          22,
          22,
          22,
          null,
          null,
          1,
          57,
          57,
          null,
          57,
          null,
          null,
          null,
          1,
          27,
          27,
          null,
          null
        ]
      },
      "/home/codio/workspace/project/models/mentor.rb": {
        "lines": [
          1,
          1,
          12,
          12,
          12,
          12,
          12,
          12,
          12,
          12,
          12,
          12,
          null,
          null,
          null,
          1,
          3,
          3,
          3,
          3,
          3,
          3,
          3,
          null,
          null,
          1,
          0,
          null,
          null,
          null,
          1,
          15,
          15,
          15,
          15,
          15,
          15,
          15,
          15,
          15,
          15,
          15,
          15,
          null,
          null,
          null,
          1,
          25,
          25,
          null,
          25,
          null,
          null,
          1,
          13,
          13,
          null,
          null
        ]
      },
      "/home/codio/workspace/project/models/request.rb": {
        "lines": [
          1,
          null
        ]
      },
      "/home/codio/workspace/project/models/user.rb": {
        "lines": [
          1,
          1,
          105,
          105,
          105,
          105,
          105,
          105,
          null,
          null,
          null,
          1,
          9,
          9,
          9,
          9,
          null,
          null,
          1,
          1,
          null,
          null,
          null,
          1,
          68,
          68,
          null,
          null,
          1,
          129,
          129,
          null,
          null,
          1,
          1,
          1,
          null,
          1,
          null,
          null,
          null,
          1,
          0,
          0,
          null,
          0,
          null,
          null
        ]
      },
      "/home/codio/workspace/project/controllers/admin_form.rb": {
        "lines": [
          1,
          10,
          10,
          10,
          10,
          null,
          null,
          1,
          null,
          7,
          7,
          null,
          7,
          7,
          7,
          null,
          null,
          7,
          null,
          7,
          7,
          null,
          7,
          7,
          null,
          7,
          7,
          7,
          null,
          null,
          null,
          null,
          0,
          null
        ]
      },
      "/home/codio/workspace/project/controllers/all-mentees.rb": {
        "lines": [
          1,
          6,
          6,
          6,
          6,
          null
        ]
      },
      "/home/codio/workspace/project/controllers/all-mentors.rb": {
        "lines": [
          1,
          2,
          2,
          2,
          2,
          null
        ]
      },
      "/home/codio/workspace/project/controllers/change-password.rb": {
        "lines": [
          1,
          null,
          1,
          1,
          1,
          1,
          1,
          null,
          null,
          1,
          null,
          1,
          1,
          1,
          1,
          null,
          1,
          1,
          1,
          0,
          null,
          null,
          0,
          0,
          0,
          0,
          null,
          0,
          0,
          0,
          0,
          null,
          null
        ]
      },
      "/home/codio/workspace/project/controllers/find_mentor.rb": {
        "lines": [
          1,
          20,
          20,
          20,
          20,
          null,
          null,
          20,
          20,
          20,
          20,
          20,
          null,
          20,
          null,
          20,
          20,
          20,
          5,
          null,
          null,
          20,
          80,
          null,
          null,
          null,
          null,
          20,
          null,
          null,
          1,
          4,
          4,
          null,
          4,
          4,
          4,
          null,
          null,
          4,
          4,
          4,
          4,
          4,
          null,
          4,
          null,
          4,
          4,
          null,
          null,
          null,
          4,
          null,
          null,
          4,
          4,
          null,
          4,
          null,
          4,
          null,
          4,
          4,
          4,
          null,
          0,
          null,
          null,
          null,
          4,
          null
        ]
      },
      "/home/codio/workspace/project/controllers/get_help_mentee.rb": {
        "lines": [
          1,
          4,
          4,
          4,
          4,
          null,
          4,
          null,
          4,
          null
        ]
      },
      "/home/codio/workspace/project/controllers/get_help_mentor.rb": {
        "lines": [
          1,
          2,
          2,
          2,
          2,
          null,
          2,
          null,
          2,
          null
        ]
      },
      "/home/codio/workspace/project/controllers/help_users.rb": {
        "lines": [
          1,
          4,
          4,
          4,
          4,
          null,
          4,
          null,
          4,
          null,
          null,
          1,
          1,
          1,
          null,
          null,
          1,
          1,
          1,
          0,
          null
        ]
      },
      "/home/codio/workspace/project/controllers/index.rb": {
        "lines": [
          1,
          52,
          52,
          52,
          null,
          null,
          1,
          67,
          67,
          67,
          null,
          null,
          67,
          45,
          45,
          45,
          7,
          7,
          7,
          7,
          38,
          12,
          12,
          12,
          12,
          null,
          26,
          26,
          26,
          26,
          null,
          null,
          22,
          null,
          null,
          22,
          null,
          null
        ]
      },
      "/home/codio/workspace/project/controllers/mentee_form.rb": {
        "lines": [
          1,
          18,
          18,
          18,
          null,
          null,
          1,
          null,
          19,
          19,
          null,
          19,
          19,
          null,
          19,
          13,
          13,
          13,
          null,
          13,
          13,
          null,
          13,
          13,
          13,
          null,
          6,
          null
        ]
      },
      "/home/codio/workspace/project/controllers/mentor_form.rb": {
        "lines": [
          1,
          11,
          11,
          11,
          null,
          null,
          1,
          null,
          12,
          12,
          null,
          12,
          12,
          12,
          null,
          12,
          9,
          9,
          null,
          9,
          9,
          null,
          9,
          9,
          9,
          null,
          3,
          null
        ]
      },
      "/home/codio/workspace/project/controllers/my_account_admin.rb": {
        "lines": [
          1,
          6,
          6,
          6,
          6,
          6,
          null,
          null,
          1,
          2,
          2,
          2,
          null,
          null,
          2,
          2,
          null,
          2,
          2,
          2,
          0,
          null,
          null
        ]
      },
      "/home/codio/workspace/project/controllers/my_account_mentee.rb": {
        "lines": [
          1,
          23,
          23,
          23,
          23,
          23,
          null,
          null,
          1,
          4,
          4,
          4,
          null,
          null,
          4,
          4,
          null,
          4,
          4,
          4,
          0,
          null,
          null
        ]
      },
      "/home/codio/workspace/project/controllers/my_account_mentor.rb": {
        "lines": [
          1,
          10,
          10,
          10,
          10,
          10,
          null,
          null,
          1,
          3,
          3,
          3,
          null,
          null,
          3,
          3,
          null,
          3,
          3,
          3,
          0,
          null
        ]
      },
      "/home/codio/workspace/project/controllers/requests_mentee.rb": {
        "lines": [
          1,
          5,
          5,
          5,
          5,
          null,
          5,
          5,
          null,
          5,
          5,
          5,
          3,
          2,
          1,
          1,
          null,
          null,
          null,
          5,
          null
        ]
      },
      "/home/codio/workspace/project/controllers/requests_mentor.rb": {
        "lines": [
          1,
          9,
          9,
          9,
          9,
          null,
          9,
          9,
          null,
          9,
          9,
          9,
          7,
          5,
          2,
          2,
          null,
          null,
          null,
          null,
          null,
          9,
          null,
          null,
          1,
          2,
          2,
          2,
          2,
          null,
          2,
          2,
          2,
          2,
          2,
          2,
          0,
          0,
          0,
          null,
          null,
          null,
          2,
          null,
          2,
          2,
          null,
          null,
          null,
          2,
          null,
          null,
          2,
          2,
          null,
          2,
          null,
          2,
          null,
          2,
          2,
          2,
          null,
          0,
          null,
          null,
          2,
          null,
          null,
          1,
          1,
          1,
          1,
          1,
          1,
          1,
          0,
          null,
          0,
          0,
          0,
          0,
          0,
          0,
          null,
          null,
          null,
          null,
          0,
          null
        ]
      },
      "/home/codio/workspace/project/controllers/success.rb": {
        "lines": [
          1,
          null,
          27,
          null
        ]
      },
      "/home/codio/workspace/project/helpers/validation.rb": {
        "lines": [
          1,
          1,
          1,
          47,
          43,
          9,
          null,
          null,
          38,
          null,
          null,
          1,
          47,
          44,
          8,
          null,
          null,
          39,
          null,
          null,
          1,
          94,
          null,
          null,
          null,
          null
        ]
      }
    },
    "timestamp": 1620412853
  }
}
